<?xml version="1.0" encoding="UTF-8"?>
<!-- Generated by org.testng.reporters.JUnitReportReporter -->
<testsuite hostname="Pavan" failures="0" tests="1" name="demo2.JenkinsExecution" time="0.007" errors="0" timestamp="2023-12-22T08:31:03 IST" skipped="0">
  <testcase classname="demo2.JenkinsExecution" name="runJenkins" time="0.007"/>
</testsuite> <!-- demo2.JenkinsExecution -->
