<?xml version="1.0" encoding="UTF-8"?>
<!-- Generated by org.testng.reporters.JUnitReportReporter -->
<testsuite hostname="Pavan" failures="0" tests="1" name="demo2.Demo3" time="0.001" errors="0" timestamp="2023-12-22T08:36:16 IST" skipped="0">
  <testcase classname="demo2.Demo3" name="runDemo3" time="0.001"/>
</testsuite> <!-- demo2.Demo3 -->
