<?xml version="1.0" encoding="UTF-8"?>
<!-- Generated by org.testng.reporters.JUnitReportReporter -->
<testsuite hostname="Pavan" failures="0" tests="1" name="demo2.Nidhi" time="0.001" errors="0" timestamp="2023-12-22T08:13:22 IST" skipped="0">
  <testcase classname="demo2.Nidhi" name="runNidhi" time="0.001"/>
</testsuite> <!-- demo2.Nidhi -->
