<?xml version="1.0" encoding="UTF-8"?>
<!-- Generated by org.testng.reporters.JUnitReportReporter -->
<testsuite hostname="Pavan" failures="0" tests="1" name="demo2.Demo2" time="0.003" errors="0" timestamp="2023-12-22T08:13:22 IST" skipped="0">
  <testcase classname="demo2.Demo2" name="runDemo2" time="0.003"/>
</testsuite> <!-- demo2.Demo2 -->
